<?xml version="1.0" encoding="UTF-8"?>
<!-- Generated by org.testng.reporters.JUnitReportReporter -->
<testsuite hostname="DESKTOP-J4JF090" failures="0" tests="1" name="test.amazonesearchtest" time="15.133" errors="0" timestamp="2023-07-12T12:10:03 IST" skipped="0">
  <testcase classname="test.amazonesearchtest" name="test1" time="15.133"/>
</testsuite> <!-- test.amazonesearchtest -->
